<?xml version="1.0" encoding="UTF-8"?>
<!-- Generated by org.testng.reporters.JUnitReportReporter -->
<testsuite hostname="Nikhil-Universe" name="com.technocredits.gitPrac.AutoCompleteNikhil" tests="1" failures="0" timestamp="6 Dec 2018 04:25:45 GMT" time="51.093" errors="0">
  <testcase name="autoComplete" time="51.093" classname="com.technocredits.gitPrac.AutoCompleteNikhil"/>
</testsuite> <!-- com.technocredits.gitPrac.AutoCompleteNikhil -->
